






Started logging.
18:29:04.773272 Language server launched with arguments:
18:29:04.773272   arg[0] = d:\Program Files\Arduino IDE\resources\app\node_modules\arduino-ide-extension\build\arduino-language-server.exe
18:29:04.773272   arg[1] = -clangd
18:29:04.773784   arg[2] = d:\Program Files\Arduino IDE\resources\app\node_modules\arduino-ide-extension\build\clangd.exe
18:29:04.773784   arg[3] = -cli-daemon-addr
18:29:04.773784   arg[4] = localhost:51673
18:29:04.773784   arg[5] = -cli-daemon-instance
18:29:04.773784   arg[6] = 1
18:29:04.773784   arg[7] = -fqbn
18:29:04.773784   arg[8] = arduino:avr:uno
18:29:04.773784   arg[9] = -skip-libraries-discovery-on-rebuild
18:29:04.773784   arg[10] = -board-name
18:29:04.773784   arg[11] = "Arduino Uno"
18:29:04.773784   arg[12] = -no-real-time-diagnostics
18:29:04.773784   arg[13] = -log
18:29:04.773784   arg[14] = -logpath
18:29:04.774300   arg[15] = g:\11.ZhiYi\5.Tutorial\1.tutorial\ZYC0043）Four-way tracking and obstacle avoidance following car kit v2.0 tutorial\ZYC0043\4_Arduino_Code\4_tracking
18:29:04.774300 logging to g:\11.ZhiYi\5.Tutorial\1.tutorial\ZYC0043）Four-way tracking and obstacle avoidance following car kit v2.0 tutorial\ZYC0043\4_Arduino_Code\4_tracking\inols.log
18:29:04.776959 [97mLS: : Initial board configuration: arduino:avr:uno[0m
18:29:04.777462 [97mLS: : Language server build path: C:\Users\Administrator\AppData\Local\Temp\arduino-language-server1647350759[0m
18:29:04.777462 [97mLS: : Language server build sketch root: C:\Users\Administrator\AppData\Local\Temp\arduino-language-server1647350759\sketch[0m
18:29:04.777512 [97mLS: : Language server FULL build path: C:\Users\Administrator\AppData\Local\Temp\arduino-language-server550418096[0m
18:29:04.777512 IN Elapsed: 0s
18:29:04.778040 [92mIDE --> LS REQU initialize 0[0m
18:29:04.778768 [92m                initialize 0: [93mwrite-locked[0m[0m
18:29:04.779289 [92m                initialize 0: [93mwrite-unlocked[0m[0m
18:29:04.779873 [96mINIT --- : initializing workbench: file:///g%3A/11.ZhiYi/5.Tutorial/1.tutorial/ZYC0043%EF%BC%89Four-way%20tracking%20and%20obstacle%20avoidance%20following%20car%20kit%20v2.0%20tutorial/ZYC0043/4_Arduino_Code/4_tracking[0m
18:29:04.779873 [96mINIT --- : [93mread-locked[0m[0m
18:29:04.779873 [96mINIT --- : [93mread-unlocked[0m[0m
18:29:04.779873 [92m                initialize 0: initialization parameters: {"capabilities":{"textDocumentSync":{"openClose":true,"change":2,"save":{"includeText":true}},"completionProvider":{"triggerCharacters":[".","\u003c","\u003e",":","\"","/"],"allCommitCharacters":[" ","\t","(",")","[","]","{","}","\u003c","\u003e",":",";",",","+","-","/","*","%","^","\u0026","#","?",".","=","\"","'","|"],"completionItem":{}},"hoverProvider":{},"signatureHelpProvider":{"triggerCharacters":["(",","]},"definitionProvider":{},"documentHighlightProvider":{},"documentSymbolProvider":{},"codeActionProvider":{"codeActionKinds":["quickfix","refactor","info"]},"documentFormattingProvider":{},"documentRangeFormattingProvider":{},"documentOnTypeFormattingProvider":{"firstTriggerCharacter":"\n"},"renameProvider":{},"executeCommandProvider":{"commands":["clangd.applyFix","clangd.applyTweak"]},"workspaceSymbolProvider":{}},"serverInfo":{"name":"arduino-language-server","version":"0.7.1"}}[0m
18:29:04.779873 [32mIDE <-- LS RESP initialize 0[0m
18:29:04.780376 OUT Elapsed: 503µs
18:29:04.782031 listen tcp 127.0.0.1:6060: bind: Only one usage of each socket address (protocol/network address/port) is normally permitted.
18:29:04.784690 IN Elapsed: 4.2633ms
18:29:04.784690 [92mIDE --> LS NOTIF initialized[0m
18:29:04.784690 [92m                 initialized: Notification is not propagated to clangd[0m
18:29:04.784690 IN Elapsed: 0s
18:29:04.784690 [92mIDE --> LS NOTIF textDocument/didOpen[0m
18:29:04.785211 [92m                 textDocument/didOpen: [93mwrite-locked[0m[0m
18:29:04.785211 [92m                 textDocument/didOpen: (throttled: waiting for clangd)[0m
18:29:04.785211 [92m                 textDocument/didOpen: [93munlocked (waiting clangd)[0m[0m
18:29:05.088988 [96mINIT --- : Running build with: {
  "instance": {
    "id": 1
  },
  "fqbn": "arduino:avr:uno",
  "sketch_path": "G:\\11.ZhiYi\\5.Tutorial\\1.tutorial\\ZYC0043）Four-way tracking and obstacle avoidance following car kit v2.0 tutorial\\ZYC0043\\4_Arduino_Code\\4_tracking",
  "build_path": "C:\\Users\\Administrator\\AppData\\Local\\Temp\\arduino-language-server550418096",
  "verbose": true,
  "create_compilation_database_only": true
}[0m
18:29:06.719970 [96mINIT --- : Compile successful![0m
18:29:06.724291 [96mINIT --- : Updated 'libraries.cache'. Copied: C:\Users\Administrator\AppData\Local\Temp\arduino-language-server550418096\libraries.cache to C:\Users\Administrator\AppData\Local\Temp\arduino-language-server1647350759\libraries.cache[0m
18:29:06.724291 [96mINIT --- : [93mread-locked[0m[0m
18:29:06.724291 [96mINIT --- : [93mread-unlocked[0m[0m
18:29:07.031281 [96mINIT --- : Running build with: {
  "instance": {
    "id": 1
  },
  "fqbn": "arduino:avr:uno",
  "sketch_path": "G:\\11.ZhiYi\\5.Tutorial\\1.tutorial\\ZYC0043）Four-way tracking and obstacle avoidance following car kit v2.0 tutorial\\ZYC0043\\4_Arduino_Code\\4_tracking",
  "build_path": "C:\\Users\\Administrator\\AppData\\Local\\Temp\\arduino-language-server1647350759",
  "verbose": true,
  "create_compilation_database_only": true,
  "skip_libraries_discovery": true
}[0m
18:29:07.310240 [96mINIT --- : Compile successful![0m
18:29:07.635078 [96mINIT --- : Arduino Data Dir -> c:\Users\Administrator\AppData\Local\Arduino15[0m
18:29:07.636221 [96mINIT --- :     Starting clangd: d:\Program Files\Arduino IDE\resources\app\node_modules\arduino-ide-extension\build\clangd.exe -log=verbose --compile-commands-dir=C:\Users\Administrator\AppData\Local\Temp\arduino-language-server1647350759 -query-driver=C:\Users\Administrator\AppData\Local\Arduino15\packages\**[0m
18:29:07.646730 logging to g:\11.ZhiYi\5.Tutorial\1.tutorial\ZYC0043）Four-way tracking and obstacle avoidance following car kit v2.0 tutorial\ZYC0043\4_Arduino_Code\4_tracking\inols-clangd.log
18:29:07.646730 logging to g:\11.ZhiYi\5.Tutorial\1.tutorial\ZYC0043）Four-way tracking and obstacle avoidance following car kit v2.0 tutorial\ZYC0043\4_Arduino_Code\4_tracking\inols-clangd-err.log
18:29:07.647233 [91mIDE     LS --> Clangd REQU initialize 1[0m
18:29:07.648649 OUT Elapsed: 1.4165ms
18:29:07.682020 IN Elapsed: 33.7886ms
18:29:07.682020 [31mIDE     LS <-- Clangd RESP initialize 1[0m
18:29:07.682020 [96mINIT --- : clangd successfully started: {"capabilities":{"textDocumentSync":{"openClose":true,"change":2,"save":{}},"completionProvider":{"triggerCharacters":[".","\u003c","\u003e",":","\"","/","*"],"allCommitCharacters":[" ","\t","(",")","[","]","{","}","\u003c","\u003e",":",";",",","+","-","/","*","%","^","\u0026","#","?",".","=","\"","'","|"]},"hoverProvider":{},"signatureHelpProvider":{"triggerCharacters":["(",")","{","}","\u003c","\u003e",","]},"declarationProvider":{},"definitionProvider":{},"typeDefinitionProvider":{},"implementationProvider":{},"referencesProvider":{},"documentHighlightProvider":{},"documentSymbolProvider":{},"codeActionProvider":{"codeActionKinds":["quickfix","refactor","info"]},"documentLinkProvider":{},"documentFormattingProvider":{},"documentRangeFormattingProvider":{},"documentOnTypeFormattingProvider":{"firstTriggerCharacter":"\n"},"renameProvider":{"prepareProvider":true},"executeCommandProvider":{"commands":["clangd.applyFix","clangd.applyTweak"]},"selectionRangeProvider":{},"callHierarchyProvider":{},"semanticTokensProvider":{"legend":{"tokenTypes":["variable","variable","parameter","function","method","function","property","variable","class","interface","enum","enumMember","type","type","unknown","namespace","typeParameter","concept","type","macro","comment"],"tokenModifiers":["declaration","deprecated","deduced","readonly","static","abstract","virtual","dependentName","defaultLibrary","usedAsMutableReference","functionScope","classScope","fileScope","globalScope"]},"range":false,"full":{"delta":true}},"workspaceSymbolProvider":{}},"serverInfo":{"name":"clangd","version":"clangd version 14.0.0 windows x86_64-pc-windows-msvc"}}[0m
18:29:07.682565 [91mIDE     LS --> Clangd NOTIF initialized[0m
18:29:07.682606 OUT Elapsed: 41.5µs
18:29:07.682656 [96mINIT --- : Done initializing workbench[0m
18:29:07.682656 [92m                 textDocument/didOpen: [93mlocked (waiting clangd)[0m[0m
18:29:07.683338 [92m                 textDocument/didOpen: URI: file:///g%3A/11.ZhiYi/5.Tutorial/1.tutorial/ZYC0043%EF%BC%89Four-way%20tracking%20and%20obstacle%20avoidance%20following%20car%20kit%20v2.0%20tutorial/ZYC0043/4_Arduino_Code/4_tracking/4_tracking.ino -> file:///C:/Users/Administrator/AppData/Local/Temp/arduino-language-server1647350759/sketch/4_tracking.ino.cpp[0m
18:29:07.685001 [92m                 textDocument/didOpen: Increasing .ino tracked files count to 1[0m
18:29:07.685959 [91mIDE     LS --> Clangd NOTIF textDocument/didOpen[0m
18:29:07.685959 OUT Elapsed: 0s
18:29:07.685959 [92m                 textDocument/didOpen: [93mwrite-unlocked[0m[0m
18:29:07.685959 IN Elapsed: 0s
18:29:07.685959 [92mIDE --> LS REQU textDocument/codeAction 1[0m
18:29:07.686494 [92m                textDocument/codeAction 1: [93mread-locked[0m[0m
18:29:07.686494 [92m                textDocument/codeAction 1: --> codeAction(file:///g%3A/11.ZhiYi/5.Tutorial/1.tutorial/ZYC0043%EF%BC%89Four-way%20tracking%20and%20obstacle%20avoidance%20following%20car%20kit%20v2.0%20tutorial/ZYC0043/4_Arduino_Code/4_tracking/4_tracking.ino:40:30)[0m
18:29:07.687006 [92m                textDocument/codeAction 1: URI: file:///g%3A/11.ZhiYi/5.Tutorial/1.tutorial/ZYC0043%EF%BC%89Four-way%20tracking%20and%20obstacle%20avoidance%20following%20car%20kit%20v2.0%20tutorial/ZYC0043/4_Arduino_Code/4_tracking/4_tracking.ino -> file:///C:/Users/Administrator/AppData/Local/Temp/arduino-language-server1647350759/sketch/4_tracking.ino.cpp[0m
18:29:07.689153 IN Elapsed: 7.1326ms
18:29:07.689153 [91mIDE     LS <-- Clangd NOTIF textDocument/publishDiagnostics[0m
18:29:07.689153 [91m                            textDocument/publishDiagnostics: Ignored by configuration[0m
18:29:07.689153 [92m                textDocument/codeAction 1:     --> codeAction(file:///C:/Users/Administrator/AppData/Local/Temp/arduino-language-server1647350759/sketch/4_tracking.ino.cpp:40:30)[0m
18:29:07.689153 [91mIDE     LS --> Clangd REQU textDocument/codeAction 2[0m
18:29:07.689668 OUT Elapsed: 515.1µs
18:29:07.691916 IN Elapsed: 2.7631ms
18:29:07.691916 [91mIDE     LS <-- Clangd REQU window/workDoneProgress/create 0[0m
18:29:07.692419 [31mIDE     LS --> Clangd RESP window/workDoneProgress/create 0[0m
18:29:07.692462 [92mIDE <-- LS REQU window/workDoneProgress/create 1[0m
18:29:07.692462 OUT Elapsed: 0s
18:29:07.692462 OUT Elapsed: 0s
18:29:07.692462 IN Elapsed: 0s
18:29:07.692462 [91mIDE     LS <-- Clangd NOTIF $/progress[0m
18:29:07.692462 [91m                            $/progress: backgroundIndexProgress BEGIN indexing, 0.0%[0m
18:29:07.692462 IN Elapsed: 0s
18:29:07.692462 [91mIDE     LS <-- Clangd NOTIF $/progress[0m
18:29:07.692462 [91m                            $/progress: backgroundIndexProgress REPORT, 0/1, 0.0%[0m
18:29:07.697569 IN Elapsed: 5.1073ms
18:29:07.697569 [91mIDE     LS <-- Clangd NOTIF $/progress[0m
18:29:07.697569 [91m                            $/progress: backgroundIndexProgress REPORT, 0/27, 0.0%[0m
18:29:07.698086 IN Elapsed: 517µs
18:29:07.698086 [91mIDE     LS <-- Clangd NOTIF $/progress[0m
18:29:07.698086 [91m                            $/progress: backgroundIndexProgress REPORT, 0/27, 0.0%[0m
18:29:07.698086 IN Elapsed: 0s
18:29:07.698086 [91mIDE     LS <-- Clangd NOTIF $/progress[0m
18:29:07.698086 [91m                            $/progress: backgroundIndexProgress REPORT, 0/27, 0.0%[0m
18:29:07.698086 IN Elapsed: 0s
18:29:07.698086 [91mIDE     LS <-- Clangd NOTIF $/progress[0m
18:29:07.698086 [91m                            $/progress: backgroundIndexProgress REPORT, 1/27, 3.0%[0m
18:29:07.698086 IN Elapsed: 0s
18:29:07.698086 [91mIDE     LS <-- Clangd NOTIF $/progress[0m
18:29:07.698086 [91m                            $/progress: backgroundIndexProgress REPORT, 1/27, 3.0%[0m
18:29:07.698086 IN Elapsed: 0s
18:29:07.698086 [91mIDE     LS <-- Clangd NOTIF $/progress[0m
18:29:07.698086 [91m                            $/progress: backgroundIndexProgress REPORT, 1/27, 3.0%[0m
18:29:07.698598 IN Elapsed: 0s
18:29:07.698598 [91mIDE     LS <-- Clangd NOTIF $/progress[0m
18:29:07.698598 [91m                            $/progress: backgroundIndexProgress REPORT, 1/27, 3.0%[0m
18:29:07.698598 IN Elapsed: 0s
18:29:07.698598 [91mIDE     LS <-- Clangd NOTIF $/progress[0m
18:29:07.698598 [91m                            $/progress: backgroundIndexProgress REPORT, 1/27, 3.0%[0m
18:29:07.884800 IN Elapsed: 186.2021ms
18:29:07.885313 [91mIDE     LS <-- Clangd NOTIF $/progress[0m
18:29:07.885313 [91m                            $/progress: backgroundIndexProgress REPORT, 2/27, 7.0%[0m
18:29:07.885313 IN Elapsed: 0s
18:29:07.885313 [91mIDE     LS <-- Clangd NOTIF $/progress[0m
18:29:07.885313 [91m                            $/progress: backgroundIndexProgress REPORT, 2/27, 7.0%[0m
18:29:07.939915 IN Elapsed: 54.6016ms
18:29:07.939915 [91mIDE     LS <-- Clangd NOTIF textDocument/publishDiagnostics[0m
18:29:07.939915 IN Elapsed: 0s
18:29:07.939915 [91m                            textDocument/publishDiagnostics: Ignored by configuration[0m
18:29:07.939915 [31mIDE     LS <-- Clangd RESP textDocument/codeAction 2[0m
18:29:07.939915 [92m                textDocument/codeAction 1: [93mread-unlocked[0m[0m
18:29:07.939915 [32mIDE <-- LS RESP textDocument/codeAction 1[0m
18:29:07.940427 OUT Elapsed: 0s
18:29:07.940427 IN Elapsed: 0s
18:29:07.940427 [92mIDE --> LS REQU textDocument/documentSymbol 2[0m
18:29:07.940427 [92m                textDocument/documentSymbol 2: [93mread-locked[0m[0m
18:29:07.940940 [92m                textDocument/documentSymbol 2: URI: file:///g%3A/11.ZhiYi/5.Tutorial/1.tutorial/ZYC0043%EF%BC%89Four-way%20tracking%20and%20obstacle%20avoidance%20following%20car%20kit%20v2.0%20tutorial/ZYC0043/4_Arduino_Code/4_tracking/4_tracking.ino -> file:///C:/Users/Administrator/AppData/Local/Temp/arduino-language-server1647350759/sketch/4_tracking.ino.cpp[0m
18:29:07.941528 [91mIDE     LS --> Clangd REQU textDocument/documentSymbol 3[0m
18:29:07.942045 OUT Elapsed: 517.6µs
18:29:07.942045 IN Elapsed: 2.1305ms
18:29:07.942045 [31mIDE     LS <-- Clangd RESP textDocument/documentSymbol 3[0m
18:29:07.942558 [92m                textDocument/documentSymbol 2: file:///C:/Users/Administrator/AppData/Local/Temp/arduino-language-server1647350759/sketch/4_tracking.ino.cpp (8 document symbols)[0m
18:29:07.942558 [92m                textDocument/documentSymbol 2:   > convert SymbolKind:Variable 14:0-14:11[0m
18:29:07.943327 [92m                textDocument/documentSymbol 2: Range: file:///C:/Users/Administrator/AppData/Local/Temp/arduino-language-server1647350759/sketch/4_tracking.ino.cpp:14:0-14:11 -> file:///g%3A/11.ZhiYi/5.Tutorial/1.tutorial/ZYC0043%EF%BC%89Four-way%20tracking%20and%20obstacle%20avoidance%20following%20car%20kit%20v2.0%20tutorial/ZYC0043/4_Arduino_Code/4_tracking/4_tracking.ino:12:0-12:11 (.ino)[0m
18:29:07.944592 [92m                textDocument/documentSymbol 2: Range: file:///C:/Users/Administrator/AppData/Local/Temp/arduino-language-server1647350759/sketch/4_tracking.ino.cpp:14:4-14:11 -> file:///g%3A/11.ZhiYi/5.Tutorial/1.tutorial/ZYC0043%EF%BC%89Four-way%20tracking%20and%20obstacle%20avoidance%20following%20car%20kit%20v2.0%20tutorial/ZYC0043/4_Arduino_Code/4_tracking/4_tracking.ino:12:4-12:11 (.ino)[0m
18:29:07.944592 [92m                textDocument/documentSymbol 2: file:///C:/Users/Administrator/AppData/Local/Temp/arduino-language-server1647350759/sketch/4_tracking.ino.cpp (0 document symbols)[0m
18:29:07.944592 [92m                textDocument/documentSymbol 2:   > convert SymbolKind:Variable 15:0-15:11[0m
18:29:07.945104 [92m                textDocument/documentSymbol 2: Range: file:///C:/Users/Administrator/AppData/Local/Temp/arduino-language-server1647350759/sketch/4_tracking.ino.cpp:15:0-15:11 -> file:///g%3A/11.ZhiYi/5.Tutorial/1.tutorial/ZYC0043%EF%BC%89Four-way%20tracking%20and%20obstacle%20avoidance%20following%20car%20kit%20v2.0%20tutorial/ZYC0043/4_Arduino_Code/4_tracking/4_tracking.ino:13:0-13:11 (.ino)[0m
18:29:07.946129 [92m                textDocument/documentSymbol 2: Range: file:///C:/Users/Administrator/AppData/Local/Temp/arduino-language-server1647350759/sketch/4_tracking.ino.cpp:15:4-15:11 -> file:///g%3A/11.ZhiYi/5.Tutorial/1.tutorial/ZYC0043%EF%BC%89Four-way%20tracking%20and%20obstacle%20avoidance%20following%20car%20kit%20v2.0%20tutorial/ZYC0043/4_Arduino_Code/4_tracking/4_tracking.ino:13:4-13:11 (.ino)[0m
18:29:07.946129 [92m                textDocument/documentSymbol 2: file:///C:/Users/Administrator/AppData/Local/Temp/arduino-language-server1647350759/sketch/4_tracking.ino.cpp (0 document symbols)[0m
18:29:07.946129 [92m                textDocument/documentSymbol 2:   > convert SymbolKind:Variable 16:0-16:11[0m
18:29:07.946643 [92m                textDocument/documentSymbol 2: Range: file:///C:/Users/Administrator/AppData/Local/Temp/arduino-language-server1647350759/sketch/4_tracking.ino.cpp:16:0-16:11 -> file:///g%3A/11.ZhiYi/5.Tutorial/1.tutorial/ZYC0043%EF%BC%89Four-way%20tracking%20and%20obstacle%20avoidance%20following%20car%20kit%20v2.0%20tutorial/ZYC0043/4_Arduino_Code/4_tracking/4_tracking.ino:14:0-14:11 (.ino)[0m
18:29:07.947664 [92m                textDocument/documentSymbol 2: Range: file:///C:/Users/Administrator/AppData/Local/Temp/arduino-language-server1647350759/sketch/4_tracking.ino.cpp:16:4-16:11 -> file:///g%3A/11.ZhiYi/5.Tutorial/1.tutorial/ZYC0043%EF%BC%89Four-way%20tracking%20and%20obstacle%20avoidance%20following%20car%20kit%20v2.0%20tutorial/ZYC0043/4_Arduino_Code/4_tracking/4_tracking.ino:14:4-14:11 (.ino)[0m
18:29:07.947664 [92m                textDocument/documentSymbol 2: file:///C:/Users/Administrator/AppData/Local/Temp/arduino-language-server1647350759/sketch/4_tracking.ino.cpp (0 document symbols)[0m
18:29:07.947664 [92m                textDocument/documentSymbol 2:   > convert SymbolKind:Variable 17:0-17:11[0m
18:29:07.948176 [92m                textDocument/documentSymbol 2: Range: file:///C:/Users/Administrator/AppData/Local/Temp/arduino-language-server1647350759/sketch/4_tracking.ino.cpp:17:0-17:11 -> file:///g%3A/11.ZhiYi/5.Tutorial/1.tutorial/ZYC0043%EF%BC%89Four-way%20tracking%20and%20obstacle%20avoidance%20following%20car%20kit%20v2.0%20tutorial/ZYC0043/4_Arduino_Code/4_tracking/4_tracking.ino:15:0-15:11 (.ino)[0m
18:29:07.948686 [92m                textDocument/documentSymbol 2: Range: file:///C:/Users/Administrator/AppData/Local/Temp/arduino-language-server1647350759/sketch/4_tracking.ino.cpp:17:4-17:11 -> file:///g%3A/11.ZhiYi/5.Tutorial/1.tutorial/ZYC0043%EF%BC%89Four-way%20tracking%20and%20obstacle%20avoidance%20following%20car%20kit%20v2.0%20tutorial/ZYC0043/4_Arduino_Code/4_tracking/4_tracking.ino:15:4-15:11 (.ino)[0m
18:29:07.948686 [92m                textDocument/documentSymbol 2: file:///C:/Users/Administrator/AppData/Local/Temp/arduino-language-server1647350759/sketch/4_tracking.ino.cpp (0 document symbols)[0m
18:29:07.948686 [92m                textDocument/documentSymbol 2:   > convert SymbolKind:Function 20:0-20:12[0m
18:29:07.949710 [92m                textDocument/documentSymbol 2: Range is in PREPROCESSED section of the sketch[0m
18:29:07.949710 [92m                textDocument/documentSymbol 2: Range: file:///C:/Users/Administrator/AppData/Local/Temp/arduino-language-server1647350759/sketch/4_tracking.ino.cpp:20:0-20:12 -> file:///g%3A/11.ZhiYi/5.Tutorial/1.tutorial/ZYC0043%EF%BC%89Four-way%20tracking%20and%20obstacle%20avoidance%20following%20car%20kit%20v2.0%20tutorial/ZYC0043/4_Arduino_Code/4_tracking/4_tracking.ino:17:0-17:12 (.ino)[0m
18:29:07.949710 [92m                textDocument/documentSymbol 2:     symbol is in the preprocessed section of the sketch.ino.cpp, skipping[0m
18:29:07.949710 [92m                textDocument/documentSymbol 2:   > convert SymbolKind:Function 22:0-22:11[0m
18:29:07.950222 [92m                textDocument/documentSymbol 2: Range is in PREPROCESSED section of the sketch[0m
18:29:07.950222 [92m                textDocument/documentSymbol 2: Range: file:///C:/Users/Administrator/AppData/Local/Temp/arduino-language-server1647350759/sketch/4_tracking.ino.cpp:22:0-22:11 -> file:///g%3A/11.ZhiYi/5.Tutorial/1.tutorial/ZYC0043%EF%BC%89Four-way%20tracking%20and%20obstacle%20avoidance%20following%20car%20kit%20v2.0%20tutorial/ZYC0043/4_Arduino_Code/4_tracking/4_tracking.ino:34:0-34:11 (.ino)[0m
18:29:07.950222 [92m                textDocument/documentSymbol 2:     symbol is in the preprocessed section of the sketch.ino.cpp, skipping[0m
18:29:07.950222 [92m                textDocument/documentSymbol 2:   > convert SymbolKind:Function 24:0-39:1[0m
18:29:07.951240 [92m                textDocument/documentSymbol 2: Range: file:///C:/Users/Administrator/AppData/Local/Temp/arduino-language-server1647350759/sketch/4_tracking.ino.cpp:24:0-39:1 -> file:///g%3A/11.ZhiYi/5.Tutorial/1.tutorial/ZYC0043%EF%BC%89Four-way%20tracking%20and%20obstacle%20avoidance%20following%20car%20kit%20v2.0%20tutorial/ZYC0043/4_Arduino_Code/4_tracking/4_tracking.ino:17:0-32:1 (.ino)[0m
18:29:07.951750 [92m                textDocument/documentSymbol 2: Range: file:///C:/Users/Administrator/AppData/Local/Temp/arduino-language-server1647350759/sketch/4_tracking.ino.cpp:24:5-24:10 -> file:///g%3A/11.ZhiYi/5.Tutorial/1.tutorial/ZYC0043%EF%BC%89Four-way%20tracking%20and%20obstacle%20avoidance%20following%20car%20kit%20v2.0%20tutorial/ZYC0043/4_Arduino_Code/4_tracking/4_tracking.ino:17:5-17:10 (.ino)[0m
18:29:07.951750 [92m                textDocument/documentSymbol 2: file:///C:/Users/Administrator/AppData/Local/Temp/arduino-language-server1647350759/sketch/4_tracking.ino.cpp (0 document symbols)[0m
18:29:07.951750 [92m                textDocument/documentSymbol 2:   > convert SymbolKind:Function 41:0-106:1[0m
18:29:07.952260 [92m                textDocument/documentSymbol 2: Range: file:///C:/Users/Administrator/AppData/Local/Temp/arduino-language-server1647350759/sketch/4_tracking.ino.cpp:41:0-106:1 -> file:///g%3A/11.ZhiYi/5.Tutorial/1.tutorial/ZYC0043%EF%BC%89Four-way%20tracking%20and%20obstacle%20avoidance%20following%20car%20kit%20v2.0%20tutorial/ZYC0043/4_Arduino_Code/4_tracking/4_tracking.ino:34:0-99:1 (.ino)[0m
18:29:07.952769 [92m                textDocument/documentSymbol 2: Range: file:///C:/Users/Administrator/AppData/Local/Temp/arduino-language-server1647350759/sketch/4_tracking.ino.cpp:41:5-41:9 -> file:///g%3A/11.ZhiYi/5.Tutorial/1.tutorial/ZYC0043%EF%BC%89Four-way%20tracking%20and%20obstacle%20avoidance%20following%20car%20kit%20v2.0%20tutorial/ZYC0043/4_Arduino_Code/4_tracking/4_tracking.ino:34:5-34:9 (.ino)[0m
18:29:07.953277 [92m                textDocument/documentSymbol 2: file:///C:/Users/Administrator/AppData/Local/Temp/arduino-language-server1647350759/sketch/4_tracking.ino.cpp (0 document symbols)[0m
18:29:07.953277 [92m                textDocument/documentSymbol 2: [93mread-unlocked[0m[0m
18:29:07.953277 [32mIDE <-- LS RESP textDocument/documentSymbol 2[0m
18:29:07.953277 OUT Elapsed: 0s
18:29:07.953277 IN Elapsed: 0s
18:29:07.953277 [92mIDE --> LS REQU textDocument/hover 3[0m
18:29:07.953277 [92m                textDocument/hover 3: [93mread-locked[0m[0m
18:29:07.954300 [92m                textDocument/hover 3: URI: file:///g%3A/11.ZhiYi/5.Tutorial/1.tutorial/ZYC0043%EF%BC%89Four-way%20tracking%20and%20obstacle%20avoidance%20following%20car%20kit%20v2.0%20tutorial/ZYC0043/4_Arduino_Code/4_tracking/4_tracking.ino -> file:///C:/Users/Administrator/AppData/Local/Temp/arduino-language-server1647350759/sketch/4_tracking.ino.cpp[0m
18:29:07.956352 [92m                textDocument/hover 3: file:///g%3A/11.ZhiYi/5.Tutorial/1.tutorial/ZYC0043%EF%BC%89Four-way%20tracking%20and%20obstacle%20avoidance%20following%20car%20kit%20v2.0%20tutorial/ZYC0043/4_Arduino_Code/4_tracking/4_tracking.ino:42:43 -> file:///C:/Users/Administrator/AppData/Local/Temp/arduino-language-server1647350759/sketch/4_tracking.ino.cpp:49:43[0m
18:29:07.956352 [91mIDE     LS --> Clangd REQU textDocument/hover 4[0m
18:29:07.956352 OUT Elapsed: 0s
18:29:07.958397 IN Elapsed: 16.3516ms
18:29:07.958397 [31mIDE     LS <-- Clangd RESP textDocument/hover 4[0m
18:29:07.959236 [92m                textDocument/hover 3: Range: file:///C:/Users/Administrator/AppData/Local/Temp/arduino-language-server1647350759/sketch/4_tracking.ino.cpp:49:39-49:43 -> file:///g%3A/11.ZhiYi/5.Tutorial/1.tutorial/ZYC0043%EF%BC%89Four-way%20tracking%20and%20obstacle%20avoidance%20following%20car%20kit%20v2.0%20tutorial/ZYC0043/4_Arduino_Code/4_tracking/4_tracking.ino:42:39-42:43 (.ino)[0m
18:29:07.959236 [92m                textDocument/hover 3: Hover content: "### macro `HIGH`  \n\n---\n```cpp\n#define HIGH 0x1\n```"[0m
18:29:07.959236 [92m                textDocument/hover 3: [93mread-unlocked[0m[0m
18:29:07.959236 [32mIDE <-- LS RESP textDocument/hover 3[0m
18:29:07.959751 OUT Elapsed: 10.8µs
18:29:07.959751 IN Elapsed: 0s
18:29:07.959751 IN Elapsed: 0s
18:29:07.959751 [32mIDE --> LS RESP window/workDoneProgress/create 1[0m
18:29:07.959751 [92mIDE <-- LS NOTIF $/progress[0m
18:29:07.959751 OUT Elapsed: 0s
18:29:07.959751 [92mIDE <-- LS NOTIF $/progress[0m
18:29:07.959751 OUT Elapsed: 0s
18:29:08.088864 IN Elapsed: 130.4671ms
18:29:08.088864 [91mIDE     LS <-- Clangd NOTIF $/progress[0m
18:29:08.088864 [91m                            $/progress: backgroundIndexProgress REPORT, 3/27, 11.0%[0m
18:29:08.088864 [92mIDE <-- LS NOTIF $/progress[0m
18:29:08.088864 IN Elapsed: 0s
18:29:08.088864 OUT Elapsed: 0s
18:29:08.088864 [91mIDE     LS <-- Clangd NOTIF $/progress[0m
18:29:08.089396 [91m                            $/progress: backgroundIndexProgress REPORT, 3/27, 11.0%[0m
18:29:08.089396 [92mIDE <-- LS NOTIF $/progress[0m
18:29:08.089396 OUT Elapsed: 0s
18:29:08.583119 IN Elapsed: 493.7228ms
18:29:08.583119 [91mIDE     LS <-- Clangd NOTIF $/progress[0m
18:29:08.583119 [91m                            $/progress: backgroundIndexProgress REPORT, 4/27, 14.0%[0m
18:29:08.583119 [92mIDE <-- LS NOTIF $/progress[0m
18:29:08.583624 IN Elapsed: 504.8µs
18:29:08.584039 [91mIDE     LS <-- Clangd NOTIF $/progress[0m
18:29:08.584039 [91m                            $/progress: backgroundIndexProgress REPORT, 4/27, 14.0%[0m
18:29:08.585097 OUT Elapsed: 1.0586ms
18:29:08.585632 [92mIDE <-- LS NOTIF $/progress[0m
18:29:08.586137 OUT Elapsed: 504.6µs
18:29:08.587730 IN Elapsed: 2.6325ms
18:29:08.587730 [91mIDE     LS <-- Clangd NOTIF $/progress[0m
18:29:08.588252 [91m                            $/progress: backgroundIndexProgress REPORT, 5/27, 18.0%[0m
18:29:08.588252 IN Elapsed: 0s
18:29:08.588252 [91mIDE     LS <-- Clangd NOTIF $/progress[0m
18:29:08.588252 [91m                            $/progress: backgroundIndexProgress REPORT, 5/27, 18.0%[0m
18:29:08.588252 [92mIDE <-- LS NOTIF $/progress[0m
18:29:08.588778 OUT Elapsed: 526.5µs
18:29:08.588778 [92mIDE <-- LS NOTIF $/progress[0m
18:29:08.588778 OUT Elapsed: 0s
18:29:08.603404 IN Elapsed: 14.626ms
18:29:08.603907 [91mIDE     LS <-- Clangd NOTIF $/progress[0m
18:29:08.603917 [91m                            $/progress: backgroundIndexProgress REPORT, 6/27, 22.0%[0m
18:29:08.603917 IN Elapsed: 0s
18:29:08.603917 [92mIDE <-- LS NOTIF $/progress[0m
18:29:08.603917 OUT Elapsed: 0s
18:29:08.603917 [91mIDE     LS <-- Clangd NOTIF $/progress[0m
18:29:08.603917 [91m                            $/progress: backgroundIndexProgress REPORT, 6/27, 22.0%[0m
18:29:08.604436 [92mIDE <-- LS NOTIF $/progress[0m
18:29:08.604436 OUT Elapsed: 0s
18:29:08.663218 IN Elapsed: 58.682ms
18:29:08.663218 [91mIDE     LS <-- Clangd NOTIF $/progress[0m
18:29:08.663218 [91m                            $/progress: backgroundIndexProgress REPORT, 7/27, 25.0%[0m
18:29:08.663218 IN Elapsed: 0s
18:29:08.663218 [91mIDE     LS <-- Clangd NOTIF $/progress[0m
18:29:08.663218 [91m                            $/progress: backgroundIndexProgress REPORT, 7/27, 25.0%[0m
18:29:08.663218 [92mIDE <-- LS NOTIF $/progress[0m
18:29:08.663218 OUT Elapsed: 0s
18:29:08.663218 [92mIDE <-- LS NOTIF $/progress[0m
18:29:08.663218 OUT Elapsed: 0s
18:29:08.709792 IN Elapsed: 46.5735ms
18:29:08.709792 [91mIDE     LS <-- Clangd NOTIF $/progress[0m
18:29:08.709792 [91m                            $/progress: backgroundIndexProgress REPORT, 8/27, 29.0%[0m
18:29:08.709792 [92mIDE <-- LS NOTIF $/progress[0m
18:29:08.709792 IN Elapsed: 0s
18:29:08.709792 [91mIDE     LS <-- Clangd NOTIF $/progress[0m
18:29:08.709792 [91m                            $/progress: backgroundIndexProgress REPORT, 8/27, 29.0%[0m
18:29:08.709792 OUT Elapsed: 0s
18:29:08.709792 [92mIDE <-- LS NOTIF $/progress[0m
18:29:08.709792 OUT Elapsed: 0s
18:29:08.714070 IN Elapsed: 4.2782ms
18:29:08.714070 [91mIDE     LS <-- Clangd NOTIF $/progress[0m
18:29:08.714070 [91m                            $/progress: backgroundIndexProgress REPORT, 9/27, 33.0%[0m
18:29:08.714070 IN Elapsed: 0s
18:29:08.714070 [91mIDE     LS <-- Clangd NOTIF $/progress[0m
18:29:08.714070 [92mIDE <-- LS NOTIF $/progress[0m
18:29:08.714070 OUT Elapsed: 0s
18:29:08.714070 [91m                            $/progress: backgroundIndexProgress REPORT, 9/27, 33.0%[0m
18:29:08.714070 [92mIDE <-- LS NOTIF $/progress[0m
18:29:08.714070 OUT Elapsed: 0s
18:29:08.719195 IN Elapsed: 5.1249ms
18:29:08.719195 [91mIDE     LS <-- Clangd NOTIF $/progress[0m
18:29:08.719195 [91m                            $/progress: backgroundIndexProgress REPORT, 10/27, 37.0%[0m
18:29:08.719195 IN Elapsed: 0s
18:29:08.719195 [91mIDE     LS <-- Clangd NOTIF $/progress[0m
18:29:08.719706 [91m                            $/progress: backgroundIndexProgress REPORT, 10/27, 37.0%[0m
18:29:08.719706 [92mIDE <-- LS NOTIF $/progress[0m
18:29:08.719706 OUT Elapsed: 0s
18:29:08.725731 IN Elapsed: 6.0257ms
18:29:08.725731 [91mIDE     LS <-- Clangd NOTIF $/progress[0m
18:29:08.725731 [91m                            $/progress: backgroundIndexProgress REPORT, 11/27, 40.0%[0m
18:29:08.725731 IN Elapsed: 0s
18:29:08.725731 [91mIDE     LS <-- Clangd NOTIF $/progress[0m
18:29:08.725731 [91m                            $/progress: backgroundIndexProgress REPORT, 11/27, 40.0%[0m
18:29:08.725731 [92mIDE <-- LS NOTIF $/progress[0m
18:29:08.725731 OUT Elapsed: 0s
18:29:08.725731 [92mIDE <-- LS NOTIF $/progress[0m
18:29:08.725731 OUT Elapsed: 0s
18:29:08.731344 IN Elapsed: 5.6131ms
18:29:08.731344 [91mIDE     LS <-- Clangd NOTIF $/progress[0m
18:29:08.731344 [91m                            $/progress: backgroundIndexProgress REPORT, 12/27, 44.0%[0m
18:29:08.731344 IN Elapsed: 0s
18:29:08.731344 [91mIDE     LS <-- Clangd NOTIF $/progress[0m
18:29:08.731344 [91m                            $/progress: backgroundIndexProgress REPORT, 12/27, 44.0%[0m
18:29:08.731344 [92mIDE <-- LS NOTIF $/progress[0m
18:29:08.731344 OUT Elapsed: 0s
18:29:08.735628 IN Elapsed: 4.2837ms
18:29:08.735628 [91mIDE     LS <-- Clangd NOTIF $/progress[0m
18:29:08.735628 [91m                            $/progress: backgroundIndexProgress REPORT, 13/27, 48.0%[0m
18:29:08.735628 IN Elapsed: 0s
18:29:08.735628 [91mIDE     LS <-- Clangd NOTIF $/progress[0m
18:29:08.735628 [91m                            $/progress: backgroundIndexProgress REPORT, 13/27, 48.0%[0m
18:29:08.736131 [92mIDE <-- LS NOTIF $/progress[0m
18:29:08.736131 OUT Elapsed: 0s
18:29:08.736255 [92mIDE <-- LS NOTIF $/progress[0m
18:29:08.736255 OUT Elapsed: 0s
18:29:08.746241 IN Elapsed: 10.1099ms
18:29:08.746241 [91mIDE     LS <-- Clangd NOTIF $/progress[0m
18:29:08.746241 [91m                            $/progress: backgroundIndexProgress REPORT, 14/27, 51.0%[0m
18:29:08.746241 IN Elapsed: 0s
18:29:08.746241 [91mIDE     LS <-- Clangd NOTIF $/progress[0m
18:29:08.746241 [92mIDE <-- LS NOTIF $/progress[0m
18:29:08.746241 OUT Elapsed: 0s
18:29:08.746241 [91m                            $/progress: backgroundIndexProgress REPORT, 14/27, 51.0%[0m
18:29:08.746241 [92mIDE <-- LS NOTIF $/progress[0m
18:29:08.746752 OUT Elapsed: 0s
18:29:08.767390 IN Elapsed: 21.1499ms
18:29:08.767390 [91mIDE     LS <-- Clangd NOTIF $/progress[0m
18:29:08.767390 [91m                            $/progress: backgroundIndexProgress REPORT, 15/27, 55.0%[0m
18:29:08.767390 IN Elapsed: 0s
18:29:08.767390 [91mIDE     LS <-- Clangd NOTIF $/progress[0m
18:29:08.767390 [92mIDE <-- LS NOTIF $/progress[0m
18:29:08.767390 OUT Elapsed: 0s
18:29:08.767390 [91m                            $/progress: backgroundIndexProgress REPORT, 15/27, 55.0%[0m
18:29:08.767390 IN Elapsed: 0s
18:29:08.767390 [91mIDE     LS <-- Clangd NOTIF $/progress[0m
18:29:08.767390 [91m                            $/progress: backgroundIndexProgress REPORT, 16/27, 59.0%[0m
18:29:08.767390 IN Elapsed: 0s
18:29:08.767390 [91mIDE     LS <-- Clangd NOTIF $/progress[0m
18:29:08.767905 [91m                            $/progress: backgroundIndexProgress REPORT, 16/27, 59.0%[0m
18:29:08.767905 [92mIDE <-- LS NOTIF $/progress[0m
18:29:08.767905 OUT Elapsed: 0s
18:29:08.767905 [92mIDE <-- LS NOTIF $/progress[0m
18:29:08.767905 OUT Elapsed: 0s
18:29:08.784278 IN Elapsed: 16.373ms
18:29:08.784278 [91mIDE     LS <-- Clangd NOTIF $/progress[0m
18:29:08.784278 [91m                            $/progress: backgroundIndexProgress REPORT, 17/27, 62.0%[0m
18:29:08.784278 IN Elapsed: 0s
18:29:08.784278 [91mIDE     LS <-- Clangd NOTIF $/progress[0m
18:29:08.784278 [92mIDE <-- LS NOTIF $/progress[0m
18:29:08.784278 OUT Elapsed: 0s
18:29:08.784278 [91m                            $/progress: backgroundIndexProgress REPORT, 17/27, 62.0%[0m
18:29:08.784278 [92mIDE <-- LS NOTIF $/progress[0m
18:29:08.784278 OUT Elapsed: 0s
18:29:08.788896 IN Elapsed: 4.6188ms
18:29:08.788896 [91mIDE     LS <-- Clangd NOTIF $/progress[0m
18:29:08.788896 [91m                            $/progress: backgroundIndexProgress REPORT, 18/27, 66.0%[0m
18:29:08.788896 IN Elapsed: 0s
18:29:08.788896 [91mIDE     LS <-- Clangd NOTIF $/progress[0m
18:29:08.788896 [91m                            $/progress: backgroundIndexProgress REPORT, 18/27, 66.0%[0m
18:29:08.788896 [92mIDE <-- LS NOTIF $/progress[0m
18:29:08.788896 OUT Elapsed: 0s
18:29:08.788896 [92mIDE <-- LS NOTIF $/progress[0m
18:29:08.789407 OUT Elapsed: 0s
18:29:08.789921 IN Elapsed: 1.025ms
18:29:08.789921 [91mIDE     LS <-- Clangd NOTIF $/progress[0m
18:29:08.789921 [91m                            $/progress: backgroundIndexProgress REPORT, 19/27, 70.0%[0m
18:29:08.789921 IN Elapsed: 0s
18:29:08.789921 [91mIDE     LS <-- Clangd NOTIF $/progress[0m
18:29:08.789921 [91m                            $/progress: backgroundIndexProgress REPORT, 19/27, 70.0%[0m
18:29:08.789921 [92mIDE <-- LS NOTIF $/progress[0m
18:29:08.789921 OUT Elapsed: 0s
18:29:08.790435 [92mIDE <-- LS NOTIF $/progress[0m
18:29:08.790435 OUT Elapsed: 0s
18:29:08.805907 IN Elapsed: 15.4724ms
18:29:08.805907 [91mIDE     LS <-- Clangd NOTIF $/progress[0m
18:29:08.805907 [91m                            $/progress: backgroundIndexProgress REPORT, 20/27, 74.0%[0m
18:29:08.805907 IN Elapsed: 0s
18:29:08.805907 [91mIDE     LS <-- Clangd NOTIF $/progress[0m
18:29:08.805907 [91m                            $/progress: backgroundIndexProgress REPORT, 20/27, 74.0%[0m
18:29:08.805907 [92mIDE <-- LS NOTIF $/progress[0m
18:29:08.805907 OUT Elapsed: 0s
18:29:08.805907 [92mIDE <-- LS NOTIF $/progress[0m
18:29:08.805907 OUT Elapsed: 0s
18:29:08.807447 IN Elapsed: 1.5397ms
18:29:08.807447 [91mIDE     LS <-- Clangd NOTIF $/progress[0m
18:29:08.807447 [91m                            $/progress: backgroundIndexProgress REPORT, 21/27, 77.0%[0m
18:29:08.807447 IN Elapsed: 0s
18:29:08.807447 [91mIDE     LS <-- Clangd NOTIF $/progress[0m
18:29:08.807447 [91m                            $/progress: backgroundIndexProgress REPORT, 21/27, 77.0%[0m
18:29:08.807447 [92mIDE <-- LS NOTIF $/progress[0m
18:29:08.807962 OUT Elapsed: 0s
18:29:08.807962 [92mIDE <-- LS NOTIF $/progress[0m
18:29:08.807962 OUT Elapsed: 0s
18:29:08.827148 IN Elapsed: 19.1857ms
18:29:08.827148 [91mIDE     LS <-- Clangd NOTIF $/progress[0m
18:29:08.827148 [91m                            $/progress: backgroundIndexProgress REPORT, 22/27, 81.0%[0m
18:29:08.827148 [92mIDE <-- LS NOTIF $/progress[0m
18:29:08.827148 OUT Elapsed: 0s
18:29:08.833115 IN Elapsed: 5.9671ms
18:29:08.833115 [91mIDE     LS <-- Clangd NOTIF $/progress[0m
18:29:08.833115 [91m                            $/progress: backgroundIndexProgress REPORT, 23/27, 85.0%[0m
18:29:08.833115 [92mIDE <-- LS NOTIF $/progress[0m
18:29:08.833630 OUT Elapsed: 514.5µs
18:29:08.848386 IN Elapsed: 15.2705ms
18:29:08.848386 [91mIDE     LS <-- Clangd NOTIF $/progress[0m
18:29:08.848386 [91m                            $/progress: backgroundIndexProgress REPORT, 24/27, 88.0%[0m
18:29:08.848386 [92mIDE <-- LS NOTIF $/progress[0m
18:29:08.848386 OUT Elapsed: 0s
18:29:08.850688 IN Elapsed: 2.3022ms
18:29:08.850688 [91mIDE     LS <-- Clangd NOTIF $/progress[0m
18:29:08.851223 [91m                            $/progress: backgroundIndexProgress REPORT, 25/27, 92.0%[0m
18:29:08.851223 [92mIDE <-- LS NOTIF $/progress[0m
18:29:08.851223 OUT Elapsed: 0s
18:29:08.854795 IN Elapsed: 3.572ms
18:29:08.854795 [91mIDE     LS <-- Clangd NOTIF $/progress[0m
18:29:08.854795 [91m                            $/progress: backgroundIndexProgress REPORT, 26/27, 96.0%[0m
18:29:08.854795 [92mIDE <-- LS NOTIF $/progress[0m
18:29:08.854795 OUT Elapsed: 0s
18:29:08.870740 IN Elapsed: 15.9459ms
18:29:08.870740 [91mIDE     LS <-- Clangd NOTIF $/progress[0m
18:29:08.870740 [91m                            $/progress: backgroundIndexProgress END [0m
18:29:08.870740 [92mIDE <-- LS NOTIF $/progress[0m
18:29:08.870740 OUT Elapsed: 0s
18:29:09.635350 IN Elapsed: 1.675599s
18:29:09.635350 [92mIDE --> LS REQU textDocument/hover 4[0m
18:29:09.635350 [92m                textDocument/hover 4: [93mread-locked[0m[0m
18:29:09.636250 [92m                textDocument/hover 4: URI: file:///g%3A/11.ZhiYi/5.Tutorial/1.tutorial/ZYC0043%EF%BC%89Four-way%20tracking%20and%20obstacle%20avoidance%20following%20car%20kit%20v2.0%20tutorial/ZYC0043/4_Arduino_Code/4_tracking/4_tracking.ino -> file:///C:/Users/Administrator/AppData/Local/Temp/arduino-language-server1647350759/sketch/4_tracking.ino.cpp[0m
18:29:09.638376 [92m                textDocument/hover 4: file:///g%3A/11.ZhiYi/5.Tutorial/1.tutorial/ZYC0043%EF%BC%89Four-way%20tracking%20and%20obstacle%20avoidance%20following%20car%20kit%20v2.0%20tutorial/ZYC0043/4_Arduino_Code/4_tracking/4_tracking.ino:42:43 -> file:///C:/Users/Administrator/AppData/Local/Temp/arduino-language-server1647350759/sketch/4_tracking.ino.cpp:49:43[0m
18:29:09.638427 [91mIDE     LS --> Clangd REQU textDocument/hover 5[0m
18:29:09.638427 OUT Elapsed: 0s
18:29:09.640376 IN Elapsed: 769.6359ms
18:29:09.640376 [31mIDE     LS <-- Clangd RESP textDocument/hover 5[0m
18:29:09.641063 [92m                textDocument/hover 4: Range: file:///C:/Users/Administrator/AppData/Local/Temp/arduino-language-server1647350759/sketch/4_tracking.ino.cpp:49:39-49:43 -> file:///g%3A/11.ZhiYi/5.Tutorial/1.tutorial/ZYC0043%EF%BC%89Four-way%20tracking%20and%20obstacle%20avoidance%20following%20car%20kit%20v2.0%20tutorial/ZYC0043/4_Arduino_Code/4_tracking/4_tracking.ino:42:39-42:43 (.ino)[0m
18:29:09.641063 [92m                textDocument/hover 4: Hover content: "### macro `HIGH`  \n\n---\n```cpp\n#define HIGH 0x1\n```"[0m
18:29:09.641063 [92m                textDocument/hover 4: [93mread-unlocked[0m[0m
18:29:09.641063 [32mIDE <-- LS RESP textDocument/hover 4[0m
18:29:09.641063 OUT Elapsed: 0s
18:29:58.224804 IN Elapsed: 48.5837415s
18:29:58.224804 [92mIDE --> LS REQU textDocument/hover 5[0m
18:29:58.224804 [92m                textDocument/hover 5: [93mread-locked[0m[0m
18:29:58.225514 [92m                textDocument/hover 5: URI: file:///g%3A/11.ZhiYi/5.Tutorial/1.tutorial/ZYC0043%EF%BC%89Four-way%20tracking%20and%20obstacle%20avoidance%20following%20car%20kit%20v2.0%20tutorial/ZYC0043/4_Arduino_Code/4_tracking/4_tracking.ino -> file:///C:/Users/Administrator/AppData/Local/Temp/arduino-language-server1647350759/sketch/4_tracking.ino.cpp[0m
18:29:58.227950 [92m                textDocument/hover 5: file:///g%3A/11.ZhiYi/5.Tutorial/1.tutorial/ZYC0043%EF%BC%89Four-way%20tracking%20and%20obstacle%20avoidance%20following%20car%20kit%20v2.0%20tutorial/ZYC0043/4_Arduino_Code/4_tracking/4_tracking.ino:42:34 -> file:///C:/Users/Administrator/AppData/Local/Temp/arduino-language-server1647350759/sketch/4_tracking.ino.cpp:49:34[0m
18:29:58.227950 [91mIDE     LS --> Clangd REQU textDocument/hover 6[0m
18:29:58.227950 OUT Elapsed: 0s
18:29:58.232136 IN Elapsed: 48.5917595s
18:29:58.232136 [31mIDE     LS <-- Clangd RESP textDocument/hover 6[0m
18:29:58.233175 [92m                textDocument/hover 5: Range: file:///C:/Users/Administrator/AppData/Local/Temp/arduino-language-server1647350759/sketch/4_tracking.ino.cpp:49:28-49:35 -> file:///g%3A/11.ZhiYi/5.Tutorial/1.tutorial/ZYC0043%EF%BC%89Four-way%20tracking%20and%20obstacle%20avoidance%20following%20car%20kit%20v2.0%20tutorial/ZYC0043/4_Arduino_Code/4_tracking/4_tracking.ino:42:28-42:35 (.ino)[0m
18:29:58.233220 [92m                textDocument/hover 5: Hover content: "### variable `Sensor3`  \n\n---\nType: `int`  \n\n---\n```cpp\nint Sensor3\n```"[0m
18:29:58.233220 [92m                textDocument/hover 5: [93mread-unlocked[0m[0m
18:29:58.233220 [32mIDE <-- LS RESP textDocument/hover 5[0m
18:29:58.233220 OUT Elapsed: 0s
18:30:58.652128 IN Elapsed: 1m0.4188601s
18:30:58.652183 [92mIDE --> LS REQU shutdown 6[0m
18:30:58.652183 [91mIDE     LS --> Clangd REQU shutdown 7[0m
18:30:58.652183 OUT Elapsed: 0s
18:30:58.652393 IN Elapsed: 1m0.4202573s
18:30:58.652393 [31mIDE     LS <-- Clangd RESP shutdown 7[0m
18:30:58.652393 [32mIDE <-- LS RESP shutdown 6[0m
18:30:58.652393 OUT Elapsed: 0s
18:30:58.652937 IN Elapsed: 543.8µs
18:30:58.652937 [92mIDE --> LS NOTIF exit[0m
18:30:58.652937 [91mIDE     LS --> Clangd NOTIF exit[0m
18:30:58.652937 OUT Elapsed: 0s
18:30:58.652937 [92m                 exit: Arduino Language Server is shutting down.[0m
