






Started logging.

<<<
Content-Length: 3426

{"jsonrpc":"2.0","id":0,"method":"initialize","params":{"processId":20320,"clientInfo":{"name":"vscode","version":"1.53.2"},"rootPath":"g:\\11.ZhiYi\\5.Tutorial\\1.tutorial\\ZYC0043）Four-way tracking and obstacle avoidance following car kit v2.0 tutorial\\ZYC0043\\4_Arduino_Code\\4_tracking","rootUri":"file:///g%3A/11.ZhiYi/5.Tutorial/1.tutorial/ZYC0043%EF%BC%89Four-way%20tracking%20and%20obstacle%20avoidance%20following%20car%20kit%20v2.0%20tutorial/ZYC0043/4_Arduino_Code/4_tracking","capabilities":{"workspace":{"applyEdit":true,"workspaceEdit":{"documentChanges":true,"resourceOperations":["create","rename","delete"],"failureHandling":"textOnlyTransactional"},"didChangeConfiguration":{"dynamicRegistration":true},"didChangeWatchedFiles":{"dynamicRegistration":true},"symbol":{"dynamicRegistration":true,"symbolKind":{"valueSet":[1,2,3,4,5,6,7,8,9,10,11,12,13,14,15,16,17,18,19,20,21,22,23,24,25,26]}},"executeCommand":{"dynamicRegistration":true},"configuration":true,"workspaceFolders":true},"textDocument":{"publishDiagnostics":{"relatedInformation":true,"versionSupport":false,"tagSupport":{"valueSet":[1,2]}},"synchronization":{"dynamicRegistration":true,"willSave":true,"willSaveWaitUntil":true,"didSave":true},"completion":{"dynamicRegistration":true,"contextSupport":true,"completionItem":{"snippetSupport":true,"commitCharactersSupport":true,"documentationFormat":["markdown","plaintext"],"deprecatedSupport":true,"preselectSupport":true,"tagSupport":{"valueSet":[1]}},"completionItemKind":{"valueSet":[1,2,3,4,5,6,7,8,9,10,11,12,13,14,15,16,17,18,19,20,21,22,23,24,25]}},"hover":{"dynamicRegistration":true,"contentFormat":["markdown","plaintext"]},"signatureHelp":{"dynamicRegistration":true,"signatureInformation":{"documentationFormat":["markdown","plaintext"],"parameterInformation":{"labelOffsetSupport":true}},"contextSupport":true},"definition":{"dynamicRegistration":true,"linkSupport":true},"references":{"dynamicRegistration":true},"documentHighlight":{"dynamicRegistration":true},"documentSymbol":{"dynamicRegistration":true,"symbolKind":{"valueSet":[1,2,3,4,5,6,7,8,9,10,11,12,13,14,15,16,17,18,19,20,21,22,23,24,25,26]},"hierarchicalDocumentSymbolSupport":true},"codeAction":{"dynamicRegistration":true,"isPreferredSupport":true,"codeActionLiteralSupport":{"codeActionKind":{"valueSet":["","quickfix","refactor","refactor.extract","refactor.inline","refactor.rewrite","source","source.organizeImports"]}}},"codeLens":{"dynamicRegistration":true},"formatting":{"dynamicRegistration":true},"rangeFormatting":{"dynamicRegistration":true},"onTypeFormatting":{"dynamicRegistration":true},"rename":{"dynamicRegistration":true,"prepareSupport":true},"documentLink":{"dynamicRegistration":true,"tooltipSupport":true},"typeDefinition":{"dynamicRegistration":true,"linkSupport":true},"implementation":{"dynamicRegistration":true,"linkSupport":true},"colorProvider":{"dynamicRegistration":true},"foldingRange":{"dynamicRegistration":true,"rangeLimit":5000,"lineFoldingOnly":true},"declaration":{"dynamicRegistration":true,"linkSupport":true},"selectionRange":{"dynamicRegistration":true}},"window":{"workDoneProgress":true}},"initializationOptions":{},"trace":"off","workspaceFolders":[{"uri":"file:///g%3A/11.ZhiYi/5.Tutorial/1.tutorial/ZYC0043%EF%BC%89Four-way%20tracking%20and%20obstacle%20avoidance%20following%20car%20kit%20v2.0%20tutorial/ZYC0043/4_Arduino_Code/4_tracking","name":"4_tracking"}]}}
>>>
Content-Length: 936

{"jsonrpc":"2.0","id":0,"result":{"capabilities":{"textDocumentSync":{"openClose":true,"change":2,"save":{"includeText":true}},"completionProvider":{"triggerCharacters":[".","\u003c","\u003e",":","\"","/"],"allCommitCharacters":[" ","\t","(",")","[","]","{","}","\u003c","\u003e",":",";",",","+","-","/","*","%","^","\u0026","#","?",".","=","\"","'","|"],"completionItem":{}},"hoverProvider":{},"signatureHelpProvider":{"triggerCharacters":["(",","]},"definitionProvider":{},"documentHighlightProvider":{},"documentSymbolProvider":{},"codeActionProvider":{"codeActionKinds":["quickfix","refactor","info"]},"documentFormattingProvider":{},"documentRangeFormattingProvider":{},"documentOnTypeFormattingProvider":{"firstTriggerCharacter":"\n"},"renameProvider":{},"executeCommandProvider":{"commands":["clangd.applyFix","clangd.applyTweak"]},"workspaceSymbolProvider":{}},"serverInfo":{"name":"arduino-language-server","version":"0.7.1"}}}
<<<
Content-Length: 52

{"jsonrpc":"2.0","method":"initialized","params":{}}Content-Length: 2900

{"jsonrpc":"2.0","method":"textDocument/didOpen","params":{"textDocument":{"uri":"file:///g%3A/11.ZhiYi/5.Tutorial/1.tutorial/ZYC0043%EF%BC%89Four-way%20tracking%20and%20obstacle%20avoidance%20following%20car%20kit%20v2.0%20tutorial/ZYC0043/4_Arduino_Code/4_tracking/4_tracking.ino","languageId":"cpp","version":1,"text":"/*************************************\r\n *     TIME:2022.06.25\r\n *     Development Team: Zhiyi Technology Co., Ltd.\r\n * \r\n *  **************************************/\r\n#define ENA 5\r\n#define ENB 6\r\n#define IN1 3\r\n#define IN2 4\r\n#define IN3 2\r\n#define IN4 7\r\n\r\nint Sensor1;\r\nint Sensor2;\r\nint Sensor3;\r\nint Sensor4;\r\n\r\nvoid setup() {\r\n\r\n  pinMode(ENA, OUTPUT);\r\n  pinMode(IN1, OUTPUT);\r\n  pinMode(IN2, OUTPUT);\r\n\r\n  pinMode(ENB, OUTPUT);\r\n  pinMode(IN3, OUTPUT);\r\n  pinMode(IN4, OUTPUT);\r\n\r\n  pinMode(8, INPUT);\r\n  pinMode(9, INPUT);\r\n  pinMode(10, INPUT);\r\n  pinMode(11, INPUT);\r\n  Serial.begin(9600);\r\n}\r\n\r\nvoid loop()\r\n{\r\n\r\n    Sensor1 = digitalRead(8);\r\n    Sensor2 = digitalRead(9);\r\n    Sensor3 = digitalRead(10);\r\n    Sensor4 = digitalRead(11);\r\n    \r\n    if ((Sensor4 == HIGH || Sensor3 == HIGH) && (Sensor2 == LOW || Sensor1 == LOW))\r\n    {\r\n        analogWrite(ENA, 150);\r\n        analogWrite(ENB, 150);\r\n\r\n        digitalWrite(IN1, LOW);\r\n        digitalWrite(IN2, HIGH);\r\n\r\n        digitalWrite(IN3, HIGH);\r\n        digitalWrite(IN4, LOW);\r\n        Serial.println(\"left\");\r\n    }\r\n    \r\n    else if((Sensor4 == LOW || Sensor3 == LOW) && (Sensor2 == HIGH || Sensor1 == HIGH))\r\n    {\r\n        analogWrite(ENA, 150);\r\n        analogWrite(ENB, 150);\r\n       \r\n        digitalWrite(IN1, HIGH);\r\n        digitalWrite(IN2, LOW);\r\n\r\n        digitalWrite(IN3,LOW );\r\n        digitalWrite(IN4, HIGH);\r\n        Serial.println(\"right\");\r\n    }\r\n\r\n    else  if(Sensor4 == LOW && Sensor3 == LOW && Sensor2 == LOW && Sensor1 == LOW)\r\n    {\r\n        analogWrite(ENA, 180);\r\n        analogWrite(ENB, 180);\r\n        //FORWARD\r\n        digitalWrite(IN1, HIGH);\r\n        digitalWrite(IN2, LOW);\r\n        digitalWrite(IN3, HIGH);\r\n        digitalWrite(IN4, LOW);\r\n        Serial.println(\"run\");\r\n    }\r\n    else  if((Sensor3 == HIGH || Sensor2 == HIGH ) && Sensor4 == LOW && Sensor1 == LOW)\r\n    {\r\n        analogWrite(ENA, 180);\r\n        analogWrite(ENB, 180);\r\n        //FORWARD\r\n        digitalWrite(IN1, HIGH);\r\n        digitalWrite(IN2,LOW);\r\n        digitalWrite(IN3, HIGH);\r\n        digitalWrite(IN4, LOW);\r\n        Serial.println(\"run\");\r\n    }\r\n    else\r\n    {\r\n        analogWrite(ENA, 0);\r\n        analogWrite(ENB, 0);\r\n        digitalWrite(IN1, LOW);\r\n        digitalWrite(IN2,LOW);\r\n        digitalWrite(IN3, LOW);\r\n        digitalWrite(IN4, LOW);\r\n    }     \r\n}\r\n"}}}Content-Length: 402

{"jsonrpc":"2.0","id":1,"method":"textDocument/codeAction","params":{"textDocument":{"uri":"file:///g%3A/11.ZhiYi/5.Tutorial/1.tutorial/ZYC0043%EF%BC%89Four-way%20tracking%20and%20obstacle%20avoidance%20following%20car%20kit%20v2.0%20tutorial/ZYC0043/4_Arduino_Code/4_tracking/4_tracking.ino"},"range":{"start":{"line":40,"character":30},"end":{"line":40,"character":30}},"context":{"diagnostics":[]}}}Content-Length: 299

{"jsonrpc":"2.0","id":2,"method":"textDocument/documentSymbol","params":{"textDocument":{"uri":"file:///g%3A/11.ZhiYi/5.Tutorial/1.tutorial/ZYC0043%EF%BC%89Four-way%20tracking%20and%20obstacle%20avoidance%20following%20car%20kit%20v2.0%20tutorial/ZYC0043/4_Arduino_Code/4_tracking/4_tracking.ino"}}}Content-Length: 328

{"jsonrpc":"2.0","id":3,"method":"textDocument/hover","params":{"textDocument":{"uri":"file:///g%3A/11.ZhiYi/5.Tutorial/1.tutorial/ZYC0043%EF%BC%89Four-way%20tracking%20and%20obstacle%20avoidance%20following%20car%20kit%20v2.0%20tutorial/ZYC0043/4_Arduino_Code/4_tracking/4_tracking.ino"},"position":{"line":42,"character":43}}}
>>>
Content-Length: 113

{"jsonrpc":"2.0","id":"1","method":"window/workDoneProgress/create","params":{"token":"backgroundIndexProgress"}}Content-Length: 36

{"jsonrpc":"2.0","id":1,"result":[]}Content-Length: 1277

{"jsonrpc":"2.0","id":2,"result":[{"name":"Sensor1","detail":"int","kind":13,"range":{"start":{"line":12,"character":0},"end":{"line":12,"character":11}},"selectionRange":{"start":{"line":12,"character":4},"end":{"line":12,"character":11}}},{"name":"Sensor2","detail":"int","kind":13,"range":{"start":{"line":13,"character":0},"end":{"line":13,"character":11}},"selectionRange":{"start":{"line":13,"character":4},"end":{"line":13,"character":11}}},{"name":"Sensor3","detail":"int","kind":13,"range":{"start":{"line":14,"character":0},"end":{"line":14,"character":11}},"selectionRange":{"start":{"line":14,"character":4},"end":{"line":14,"character":11}}},{"name":"Sensor4","detail":"int","kind":13,"range":{"start":{"line":15,"character":0},"end":{"line":15,"character":11}},"selectionRange":{"start":{"line":15,"character":4},"end":{"line":15,"character":11}}},{"name":"setup","detail":"void ()","kind":12,"range":{"start":{"line":17,"character":0},"end":{"line":32,"character":1}},"selectionRange":{"start":{"line":17,"character":5},"end":{"line":17,"character":10}}},{"name":"loop","detail":"void ()","kind":12,"range":{"start":{"line":34,"character":0},"end":{"line":99,"character":1}},"selectionRange":{"start":{"line":34,"character":5},"end":{"line":34,"character":9}}}]}Content-Length: 211

{"jsonrpc":"2.0","id":3,"result":{"contents":{"kind":"markdown","value":"### macro `HIGH`  \n\n---\n```cpp\n#define HIGH 0x1\n```"},"range":{"start":{"line":42,"character":39},"end":{"line":42,"character":43}}}}
<<<
Content-Length: 40

{"jsonrpc":"2.0","id":"1","result":null}Content-Length: 62

{"jsonrpc":"2.0","method":"$/cancelRequest","params":{"id":3}}
>>>
Content-Length: 143

{"jsonrpc":"2.0","method":"$/progress","params":{"token":"backgroundIndexProgress","value":{"kind":"begin","title":"indexing","percentage":0}}}Content-Length: 142

{"jsonrpc":"2.0","method":"$/progress","params":{"token":"backgroundIndexProgress","value":{"kind":"report","message":"2/27","percentage":7}}}Content-Length: 143

{"jsonrpc":"2.0","method":"$/progress","params":{"token":"backgroundIndexProgress","value":{"kind":"report","message":"3/27","percentage":11}}}Content-Length: 143

{"jsonrpc":"2.0","method":"$/progress","params":{"token":"backgroundIndexProgress","value":{"kind":"report","message":"3/27","percentage":11}}}Content-Length: 143

{"jsonrpc":"2.0","method":"$/progress","params":{"token":"backgroundIndexProgress","value":{"kind":"report","message":"4/27","percentage":14}}}Content-Length: 143

{"jsonrpc":"2.0","method":"$/progress","params":{"token":"backgroundIndexProgress","value":{"kind":"report","message":"4/27","percentage":14}}}Content-Length: 143

{"jsonrpc":"2.0","method":"$/progress","params":{"token":"backgroundIndexProgress","value":{"kind":"report","message":"5/27","percentage":18}}}Content-Length: 143

{"jsonrpc":"2.0","method":"$/progress","params":{"token":"backgroundIndexProgress","value":{"kind":"report","message":"5/27","percentage":18}}}Content-Length: 143

{"jsonrpc":"2.0","method":"$/progress","params":{"token":"backgroundIndexProgress","value":{"kind":"report","message":"6/27","percentage":22}}}Content-Length: 143

{"jsonrpc":"2.0","method":"$/progress","params":{"token":"backgroundIndexProgress","value":{"kind":"report","message":"6/27","percentage":22}}}Content-Length: 143

{"jsonrpc":"2.0","method":"$/progress","params":{"token":"backgroundIndexProgress","value":{"kind":"report","message":"7/27","percentage":25}}}Content-Length: 143

{"jsonrpc":"2.0","method":"$/progress","params":{"token":"backgroundIndexProgress","value":{"kind":"report","message":"7/27","percentage":25}}}Content-Length: 143

{"jsonrpc":"2.0","method":"$/progress","params":{"token":"backgroundIndexProgress","value":{"kind":"report","message":"8/27","percentage":29}}}Content-Length: 143

{"jsonrpc":"2.0","method":"$/progress","params":{"token":"backgroundIndexProgress","value":{"kind":"report","message":"8/27","percentage":29}}}Content-Length: 143

{"jsonrpc":"2.0","method":"$/progress","params":{"token":"backgroundIndexProgress","value":{"kind":"report","message":"9/27","percentage":33}}}Content-Length: 143

{"jsonrpc":"2.0","method":"$/progress","params":{"token":"backgroundIndexProgress","value":{"kind":"report","message":"9/27","percentage":33}}}Content-Length: 144

{"jsonrpc":"2.0","method":"$/progress","params":{"token":"backgroundIndexProgress","value":{"kind":"report","message":"10/27","percentage":37}}}Content-Length: 144

{"jsonrpc":"2.0","method":"$/progress","params":{"token":"backgroundIndexProgress","value":{"kind":"report","message":"11/27","percentage":40}}}Content-Length: 144

{"jsonrpc":"2.0","method":"$/progress","params":{"token":"backgroundIndexProgress","value":{"kind":"report","message":"11/27","percentage":40}}}Content-Length: 144

{"jsonrpc":"2.0","method":"$/progress","params":{"token":"backgroundIndexProgress","value":{"kind":"report","message":"12/27","percentage":44}}}Content-Length: 144

{"jsonrpc":"2.0","method":"$/progress","params":{"token":"backgroundIndexProgress","value":{"kind":"report","message":"13/27","percentage":48}}}Content-Length: 144

{"jsonrpc":"2.0","method":"$/progress","params":{"token":"backgroundIndexProgress","value":{"kind":"report","message":"13/27","percentage":48}}}Content-Length: 144

{"jsonrpc":"2.0","method":"$/progress","params":{"token":"backgroundIndexProgress","value":{"kind":"report","message":"14/27","percentage":51}}}Content-Length: 144

{"jsonrpc":"2.0","method":"$/progress","params":{"token":"backgroundIndexProgress","value":{"kind":"report","message":"14/27","percentage":51}}}Content-Length: 144

{"jsonrpc":"2.0","method":"$/progress","params":{"token":"backgroundIndexProgress","value":{"kind":"report","message":"15/27","percentage":55}}}Content-Length: 144

{"jsonrpc":"2.0","method":"$/progress","params":{"token":"backgroundIndexProgress","value":{"kind":"report","message":"16/27","percentage":59}}}Content-Length: 144

{"jsonrpc":"2.0","method":"$/progress","params":{"token":"backgroundIndexProgress","value":{"kind":"report","message":"16/27","percentage":59}}}Content-Length: 144

{"jsonrpc":"2.0","method":"$/progress","params":{"token":"backgroundIndexProgress","value":{"kind":"report","message":"17/27","percentage":62}}}Content-Length: 144

{"jsonrpc":"2.0","method":"$/progress","params":{"token":"backgroundIndexProgress","value":{"kind":"report","message":"17/27","percentage":62}}}Content-Length: 144

{"jsonrpc":"2.0","method":"$/progress","params":{"token":"backgroundIndexProgress","value":{"kind":"report","message":"18/27","percentage":66}}}Content-Length: 144

{"jsonrpc":"2.0","method":"$/progress","params":{"token":"backgroundIndexProgress","value":{"kind":"report","message":"18/27","percentage":66}}}Content-Length: 144

{"jsonrpc":"2.0","method":"$/progress","params":{"token":"backgroundIndexProgress","value":{"kind":"report","message":"19/27","percentage":70}}}Content-Length: 144

{"jsonrpc":"2.0","method":"$/progress","params":{"token":"backgroundIndexProgress","value":{"kind":"report","message":"19/27","percentage":70}}}Content-Length: 144

{"jsonrpc":"2.0","method":"$/progress","params":{"token":"backgroundIndexProgress","value":{"kind":"report","message":"20/27","percentage":74}}}Content-Length: 144

{"jsonrpc":"2.0","method":"$/progress","params":{"token":"backgroundIndexProgress","value":{"kind":"report","message":"20/27","percentage":74}}}Content-Length: 144

{"jsonrpc":"2.0","method":"$/progress","params":{"token":"backgroundIndexProgress","value":{"kind":"report","message":"21/27","percentage":77}}}Content-Length: 144

{"jsonrpc":"2.0","method":"$/progress","params":{"token":"backgroundIndexProgress","value":{"kind":"report","message":"21/27","percentage":77}}}Content-Length: 144

{"jsonrpc":"2.0","method":"$/progress","params":{"token":"backgroundIndexProgress","value":{"kind":"report","message":"22/27","percentage":81}}}Content-Length: 144

{"jsonrpc":"2.0","method":"$/progress","params":{"token":"backgroundIndexProgress","value":{"kind":"report","message":"23/27","percentage":85}}}Content-Length: 144

{"jsonrpc":"2.0","method":"$/progress","params":{"token":"backgroundIndexProgress","value":{"kind":"report","message":"24/27","percentage":88}}}Content-Length: 144

{"jsonrpc":"2.0","method":"$/progress","params":{"token":"backgroundIndexProgress","value":{"kind":"report","message":"25/27","percentage":92}}}Content-Length: 144

{"jsonrpc":"2.0","method":"$/progress","params":{"token":"backgroundIndexProgress","value":{"kind":"report","message":"26/27","percentage":96}}}Content-Length: 107

{"jsonrpc":"2.0","method":"$/progress","params":{"token":"backgroundIndexProgress","value":{"kind":"end"}}}
<<<
Content-Length: 328

{"jsonrpc":"2.0","id":4,"method":"textDocument/hover","params":{"textDocument":{"uri":"file:///g%3A/11.ZhiYi/5.Tutorial/1.tutorial/ZYC0043%EF%BC%89Four-way%20tracking%20and%20obstacle%20avoidance%20following%20car%20kit%20v2.0%20tutorial/ZYC0043/4_Arduino_Code/4_tracking/4_tracking.ino"},"position":{"line":42,"character":43}}}
>>>
Content-Length: 211

{"jsonrpc":"2.0","id":4,"result":{"contents":{"kind":"markdown","value":"### macro `HIGH`  \n\n---\n```cpp\n#define HIGH 0x1\n```"},"range":{"start":{"line":42,"character":39},"end":{"line":42,"character":43}}}}
<<<
Content-Length: 328

{"jsonrpc":"2.0","id":5,"method":"textDocument/hover","params":{"textDocument":{"uri":"file:///g%3A/11.ZhiYi/5.Tutorial/1.tutorial/ZYC0043%EF%BC%89Four-way%20tracking%20and%20obstacle%20avoidance%20following%20car%20kit%20v2.0%20tutorial/ZYC0043/4_Arduino_Code/4_tracking/4_tracking.ino"},"position":{"line":42,"character":34}}}
>>>
Content-Length: 234

{"jsonrpc":"2.0","id":5,"result":{"contents":{"kind":"markdown","value":"### variable `Sensor3`  \n\n---\nType: `int`  \n\n---\n```cpp\nint Sensor3\n```"},"range":{"start":{"line":42,"character":28},"end":{"line":42,"character":35}}}}
<<<
Content-Length: 58

{"jsonrpc":"2.0","id":6,"method":"shutdown","params":null}
>>>
Content-Length: 38

{"jsonrpc":"2.0","id":6,"result":null}
<<<
Content-Length: 47

{"jsonrpc":"2.0","method":"exit","params":null}